<?xml version="1.0" encoding="UTF-8"?>
<!-- Generated by org.testng.reporters.JUnitReportReporter -->
<testsuite hostname="DESKTOP-HAQJ43C" failures="0" tests="1" name="com.test.contactoTest" time="3.753" errors="0" timestamp="2022-05-26T09:46:21 CLT" skipped="0">
  <testcase classname="com.test.contactoTest" name="PruebaContacto" time="3.753"/>
  <system-out/>
</testsuite> <!-- com.test.contactoTest -->
