<?xml version="1.0" encoding="UTF-8"?>
<!-- Generated by org.testng.reporters.JUnitReportReporter -->
<testsuite hostname="DESKTOP-HAQJ43C" failures="0" tests="1" name="com.test.nosotrosTest" time="4.489" errors="0" timestamp="2022-06-02T10:26:00 CLT" skipped="0">
  <testcase classname="com.test.nosotrosTest" name="PruebaNosotros" time="4.489"/>
  <system-out/>
</testsuite> <!-- com.test.nosotrosTest -->
