<?xml version="1.0" encoding="UTF-8"?>
<!-- Generated by org.testng.reporters.JUnitReportReporter -->
<testsuite hostname="JOLURIQUELME" failures="0" tests="1" name="com.test.pom.nosotrosTest" time="0.008" errors="0" timestamp="2022-05-06T15:52:30 CLT" skipped="0">
  <testcase classname="com.test.pom.nosotrosTest" name="f" time="0.008"/>
  <system-out/>
</testsuite> <!-- com.test.pom.nosotrosTest -->
