<?xml version="1.0" encoding="UTF-8"?>
<!-- Generated by org.testng.reporters.JUnitReportReporter -->
<testsuite hostname="DESKTOP-HAQJ43C" failures="0" tests="1" name="com.test.casosExitoTest" time="4.192" errors="0" timestamp="2022-05-19T12:18:34 CLT" skipped="0">
  <testcase classname="com.test.casosExitoTest" name="PruebaCasos" time="4.192"/>
  <system-out/>
</testsuite> <!-- com.test.casosExitoTest -->
