<?xml version="1.0" encoding="UTF-8"?>
<!-- Generated by org.testng.reporters.JUnitReportReporter -->
<testsuite hostname="JOLURIQUELME" failures="0" tests="1" name="com.test.casosExito" time="3.454" errors="0" timestamp="2022-05-06T17:00:26 CLT" skipped="0">
  <testcase classname="com.test.casosExito" name="initCasos" time="3.454"/>
  <system-out/>
</testsuite> <!-- com.test.casosExito -->
